  Source.cpp
c:\users\alex\desktop\dawson\heros_inventory_v2\heros_inventory_v2\source.cpp(19): error C2678: бинарный "=": не найден оператор, принимающий левый операнд типа "const std::basic_string<char,std::char_traits<char>,std::allocator<char>>" (или приемлемое преобразование отсутствует)
  c:\program files (x86)\microsoft visual studio\2017\community\vc\tools\msvc\14.11.25503\include\xstring(2285): note: может быть "std::basic_string<char,std::char_traits<char>,std::allocator<char>> &std::basic_string<char,std::char_traits<char>,std::allocator<char>>::operator =(const _Elem)"
          with
          [
              _Elem=char
          ]
  c:\program files (x86)\microsoft visual studio\2017\community\vc\tools\msvc\14.11.25503\include\xstring(2280): note: или       "std::basic_string<char,std::char_traits<char>,std::allocator<char>> &std::basic_string<char,std::char_traits<char>,std::allocator<char>>::operator =(const _Elem *const )"
          with
          [
              _Elem=char
          ]
  c:\program files (x86)\microsoft visual studio\2017\community\vc\tools\msvc\14.11.25503\include\xstring(2251): note: или       "std::basic_string<char,std::char_traits<char>,std::allocator<char>> &std::basic_string<char,std::char_traits<char>,std::allocator<char>>::operator =(const std::basic_string<char,std::char_traits<char>,std::allocator<char>> &)"
  c:\program files (x86)\microsoft visual studio\2017\community\vc\tools\msvc\14.11.25503\include\xstring(2212): note: или       "std::basic_string<char,std::char_traits<char>,std::allocator<char>> &std::basic_string<char,std::char_traits<char>,std::allocator<char>>::operator =(std::initializer_list<_Elem>)"
          with
          [
              _Elem=char
          ]
  c:\program files (x86)\microsoft visual studio\2017\community\vc\tools\msvc\14.11.25503\include\xstring(2082): note: или       "std::basic_string<char,std::char_traits<char>,std::allocator<char>> &std::basic_string<char,std::char_traits<char>,std::allocator<char>>::operator =(std::basic_string<char,std::char_traits<char>,std::allocator<char>> &&) noexcept(<expr>)"
  c:\users\alex\desktop\dawson\heros_inventory_v2\heros_inventory_v2\source.cpp(19): note: при попытке сопоставить список аргументов "(const std::basic_string<char,std::char_traits<char>,std::allocator<char>>, std::string)"
